<?xml version="1.0" encoding="UTF-8"?>
<!-- Generated by org.testng.reporters.JUnitXMLReporter -->
<testsuite ignored="0" hostname="DESKTOP-I14U842" failures="0" tests="5" name="Default test" time="18.538" errors="0" timestamp="26 Jul 2023 09:57:42 GMT">
  <testcase classname="com.nopcommerce.user.Level_03_Apply_Page_Object_Pattern" name="Register_01_Empty_Data" time="1.741"/>
  <testcase classname="com.nopcommerce.user.Level_03_Apply_Page_Object_Pattern" name="Register_02_Invalid_Email" time="2.121"/>
  <testcase classname="com.nopcommerce.user.Level_03_Apply_Page_Object_Pattern" name="Register_03_Invalid_Password" time="1.559"/>
  <testcase classname="com.nopcommerce.user.Level_03_Apply_Page_Object_Pattern" name="Register_04_Incorrect_Confirm_Password" time="1.967"/>
  <testcase classname="com.nopcommerce.user.Level_03_Apply_Page_Object_Pattern" name="Register_05_Success" time="4.553"/>
</testsuite> <!-- Default test -->
