<?xml version="1.0" encoding="UTF-8"?>
<!-- Generated by org.testng.reporters.JUnitXMLReporter -->
<testsuite ignored="0" hostname="DESKTOP-I14U842" failures="0" tests="5" name="Run on Opera" time="18.219" errors="0" timestamp="31 Jul 2023 10:25:57 GMT">
  <testcase classname="com.nopcommerce.user.Level_04_Multiple_Browser" name="Register_01_Empty_Data" time="1.05"/>
  <testcase classname="com.nopcommerce.user.Level_04_Multiple_Browser" name="Register_02_Invalid_Email" time="2.014"/>
  <testcase classname="com.nopcommerce.user.Level_04_Multiple_Browser" name="Register_03_Invalid_Password" time="2.066"/>
  <testcase classname="com.nopcommerce.user.Level_04_Multiple_Browser" name="Register_04_Incorrect_Confirm_Password" time="1.92"/>
  <testcase classname="com.nopcommerce.user.Level_04_Multiple_Browser" name="Register_05_Success" time="5.736"/>
</testsuite> <!-- Run on Opera -->
